<?xml version="1.0" encoding="UTF-8"?>
<testsuite xmlns:xsi="http://www.w3.org/2001/XMLSchema-instance" xsi:noNamespaceSchemaLocation="https://maven.apache.org/surefire/maven-surefire-plugin/xsd/surefire-test-report.xsd" name="myboot.dao.TestCVRepository" time="3.834" tests="1" errors="1" skipped="0" failures="0">
  <properties>
    <property name="java.specification.version" value="20"/>
    <property name="sun.jnu.encoding" value="UTF-8"/>
    <property name="java.class.path" value="/home/gaetan/Documents/Travail/M2 Info/AA2/Projet/my-app/target/test-classes:/home/gaetan/Documents/Travail/M2 Info/AA2/Projet/my-app/target/classes:/home/gaetan/.m2/repository/org/springframework/boot/spring-boot-starter-webflux/2.6.14/spring-boot-starter-webflux-2.6.14.jar:/home/gaetan/.m2/repository/org/springframework/boot/spring-boot-starter/2.6.14/spring-boot-starter-2.6.14.jar:/home/gaetan/.m2/repository/org/springframework/boot/spring-boot-starter-logging/2.6.14/spring-boot-starter-logging-2.6.14.jar:/home/gaetan/.m2/repository/ch/qos/logback/logback-classic/1.2.11/logback-classic-1.2.11.jar:/home/gaetan/.m2/repository/ch/qos/logback/logback-core/1.2.11/logback-core-1.2.11.jar:/home/gaetan/.m2/repository/org/apache/logging/log4j/log4j-to-slf4j/2.17.2/log4j-to-slf4j-2.17.2.jar:/home/gaetan/.m2/repository/org/apache/logging/log4j/log4j-api/2.17.2/log4j-api-2.17.2.jar:/home/gaetan/.m2/repository/org/slf4j/jul-to-slf4j/1.7.36/jul-to-slf4j-1.7.36.jar:/home/gaetan/.m2/repository/org/yaml/snakeyaml/1.29/snakeyaml-1.29.jar:/home/gaetan/.m2/repository/org/springframework/boot/spring-boot-starter-json/2.6.14/spring-boot-starter-json-2.6.14.jar:/home/gaetan/.m2/repository/com/fasterxml/jackson/datatype/jackson-datatype-jdk8/2.13.4/jackson-datatype-jdk8-2.13.4.jar:/home/gaetan/.m2/repository/com/fasterxml/jackson/datatype/jackson-datatype-jsr310/2.13.4/jackson-datatype-jsr310-2.13.4.jar:/home/gaetan/.m2/repository/com/fasterxml/jackson/module/jackson-module-parameter-names/2.13.4/jackson-module-parameter-names-2.13.4.jar:/home/gaetan/.m2/repository/org/springframework/boot/spring-boot-starter-reactor-netty/2.6.14/spring-boot-starter-reactor-netty-2.6.14.jar:/home/gaetan/.m2/repository/io/projectreactor/netty/reactor-netty-http/1.0.25/reactor-netty-http-1.0.25.jar:/home/gaetan/.m2/repository/io/netty/netty-codec-http/4.1.85.Final/netty-codec-http-4.1.85.Final.jar:/home/gaetan/.m2/repository/io/netty/netty-common/4.1.85.Final/netty-common-4.1.85.Final.jar:/home/gaetan/.m2/repository/io/netty/netty-buffer/4.1.85.Final/netty-buffer-4.1.85.Final.jar:/home/gaetan/.m2/repository/io/netty/netty-transport/4.1.85.Final/netty-transport-4.1.85.Final.jar:/home/gaetan/.m2/repository/io/netty/netty-codec/4.1.85.Final/netty-codec-4.1.85.Final.jar:/home/gaetan/.m2/repository/io/netty/netty-handler/4.1.85.Final/netty-handler-4.1.85.Final.jar:/home/gaetan/.m2/repository/io/netty/netty-codec-http2/4.1.85.Final/netty-codec-http2-4.1.85.Final.jar:/home/gaetan/.m2/repository/io/netty/netty-resolver-dns/4.1.85.Final/netty-resolver-dns-4.1.85.Final.jar:/home/gaetan/.m2/repository/io/netty/netty-resolver/4.1.85.Final/netty-resolver-4.1.85.Final.jar:/home/gaetan/.m2/repository/io/netty/netty-codec-dns/4.1.85.Final/netty-codec-dns-4.1.85.Final.jar:/home/gaetan/.m2/repository/io/netty/netty-resolver-dns-native-macos/4.1.85.Final/netty-resolver-dns-native-macos-4.1.85.Final-osx-x86_64.jar:/home/gaetan/.m2/repository/io/netty/netty-resolver-dns-classes-macos/4.1.85.Final/netty-resolver-dns-classes-macos-4.1.85.Final.jar:/home/gaetan/.m2/repository/io/netty/netty-transport-native-epoll/4.1.85.Final/netty-transport-native-epoll-4.1.85.Final-linux-x86_64.jar:/home/gaetan/.m2/repository/io/netty/netty-transport-native-unix-common/4.1.85.Final/netty-transport-native-unix-common-4.1.85.Final.jar:/home/gaetan/.m2/repository/io/netty/netty-transport-classes-epoll/4.1.85.Final/netty-transport-classes-epoll-4.1.85.Final.jar:/home/gaetan/.m2/repository/io/projectreactor/netty/reactor-netty-core/1.0.25/reactor-netty-core-1.0.25.jar:/home/gaetan/.m2/repository/io/netty/netty-handler-proxy/4.1.85.Final/netty-handler-proxy-4.1.85.Final.jar:/home/gaetan/.m2/repository/io/netty/netty-codec-socks/4.1.85.Final/netty-codec-socks-4.1.85.Final.jar:/home/gaetan/.m2/repository/org/springframework/spring-web/5.3.24/spring-web-5.3.24.jar:/home/gaetan/.m2/repository/org/springframework/spring-webflux/5.3.24/spring-webflux-5.3.24.jar:/home/gaetan/.m2/repository/io/projectreactor/reactor-core/3.4.25/reactor-core-3.4.25.jar:/home/gaetan/.m2/repository/org/reactivestreams/reactive-streams/1.0.4/reactive-streams-1.0.4.jar:/home/gaetan/.m2/repository/org/springframework/boot/spring-boot-starter-web/2.6.14/spring-boot-starter-web-2.6.14.jar:/home/gaetan/.m2/repository/org/springframework/spring-webmvc/5.3.24/spring-webmvc-5.3.24.jar:/home/gaetan/.m2/repository/org/springframework/boot/spring-boot-devtools/2.6.14/spring-boot-devtools-2.6.14.jar:/home/gaetan/.m2/repository/org/springframework/boot/spring-boot/2.6.14/spring-boot-2.6.14.jar:/home/gaetan/.m2/repository/org/springframework/boot/spring-boot-autoconfigure/2.6.14/spring-boot-autoconfigure-2.6.14.jar:/home/gaetan/.m2/repository/org/springframework/boot/spring-boot-starter-tomcat/2.6.14/spring-boot-starter-tomcat-2.6.14.jar:/home/gaetan/.m2/repository/jakarta/annotation/jakarta.annotation-api/1.3.5/jakarta.annotation-api-1.3.5.jar:/home/gaetan/.m2/repository/org/apache/tomcat/embed/tomcat-embed-core/9.0.69/tomcat-embed-core-9.0.69.jar:/home/gaetan/.m2/repository/org/apache/tomcat/embed/tomcat-embed-el/9.0.69/tomcat-embed-el-9.0.69.jar:/home/gaetan/.m2/repository/org/apache/tomcat/embed/tomcat-embed-websocket/9.0.69/tomcat-embed-websocket-9.0.69.jar:/home/gaetan/.m2/repository/org/apache/tomcat/embed/tomcat-embed-jasper/9.0.69/tomcat-embed-jasper-9.0.69.jar:/home/gaetan/.m2/repository/org/eclipse/jdt/ecj/3.18.0/ecj-3.18.0.jar:/home/gaetan/.m2/repository/org/apache/taglibs/taglibs-standard-spec/1.2.5/taglibs-standard-spec-1.2.5.jar:/home/gaetan/.m2/repository/org/apache/taglibs/taglibs-standard-impl/1.2.5/taglibs-standard-impl-1.2.5.jar:/home/gaetan/.m2/repository/org/springframework/boot/spring-boot-starter-test/2.6.14/spring-boot-starter-test-2.6.14.jar:/home/gaetan/.m2/repository/org/springframework/boot/spring-boot-test/2.6.14/spring-boot-test-2.6.14.jar:/home/gaetan/.m2/repository/org/springframework/boot/spring-boot-test-autoconfigure/2.6.14/spring-boot-test-autoconfigure-2.6.14.jar:/home/gaetan/.m2/repository/com/jayway/jsonpath/json-path/2.6.0/json-path-2.6.0.jar:/home/gaetan/.m2/repository/net/minidev/json-smart/2.4.8/json-smart-2.4.8.jar:/home/gaetan/.m2/repository/net/minidev/accessors-smart/2.4.8/accessors-smart-2.4.8.jar:/home/gaetan/.m2/repository/org/ow2/asm/asm/9.1/asm-9.1.jar:/home/gaetan/.m2/repository/org/slf4j/slf4j-api/1.7.36/slf4j-api-1.7.36.jar:/home/gaetan/.m2/repository/jakarta/xml/bind/jakarta.xml.bind-api/2.3.3/jakarta.xml.bind-api-2.3.3.jar:/home/gaetan/.m2/repository/jakarta/activation/jakarta.activation-api/1.2.2/jakarta.activation-api-1.2.2.jar:/home/gaetan/.m2/repository/org/assertj/assertj-core/3.21.0/assertj-core-3.21.0.jar:/home/gaetan/.m2/repository/org/hamcrest/hamcrest/2.2/hamcrest-2.2.jar:/home/gaetan/.m2/repository/org/junit/jupiter/junit-jupiter/5.8.2/junit-jupiter-5.8.2.jar:/home/gaetan/.m2/repository/org/junit/jupiter/junit-jupiter-api/5.8.2/junit-jupiter-api-5.8.2.jar:/home/gaetan/.m2/repository/org/opentest4j/opentest4j/1.2.0/opentest4j-1.2.0.jar:/home/gaetan/.m2/repository/org/junit/platform/junit-platform-commons/1.8.2/junit-platform-commons-1.8.2.jar:/home/gaetan/.m2/repository/org/apiguardian/apiguardian-api/1.1.2/apiguardian-api-1.1.2.jar:/home/gaetan/.m2/repository/org/junit/jupiter/junit-jupiter-params/5.8.2/junit-jupiter-params-5.8.2.jar:/home/gaetan/.m2/repository/org/junit/jupiter/junit-jupiter-engine/5.8.2/junit-jupiter-engine-5.8.2.jar:/home/gaetan/.m2/repository/org/junit/platform/junit-platform-engine/1.8.2/junit-platform-engine-1.8.2.jar:/home/gaetan/.m2/repository/org/mockito/mockito-core/4.0.0/mockito-core-4.0.0.jar:/home/gaetan/.m2/repository/net/bytebuddy/byte-buddy/1.11.22/byte-buddy-1.11.22.jar:/home/gaetan/.m2/repository/net/bytebuddy/byte-buddy-agent/1.11.22/byte-buddy-agent-1.11.22.jar:/home/gaetan/.m2/repository/org/objenesis/objenesis/3.2/objenesis-3.2.jar:/home/gaetan/.m2/repository/org/mockito/mockito-junit-jupiter/4.0.0/mockito-junit-jupiter-4.0.0.jar:/home/gaetan/.m2/repository/org/skyscreamer/jsonassert/1.5.1/jsonassert-1.5.1.jar:/home/gaetan/.m2/repository/com/vaadin/external/google/android-json/0.0.20131108.vaadin1/android-json-0.0.20131108.vaadin1.jar:/home/gaetan/.m2/repository/org/springframework/spring-core/5.3.24/spring-core-5.3.24.jar:/home/gaetan/.m2/repository/org/springframework/spring-jcl/5.3.24/spring-jcl-5.3.24.jar:/home/gaetan/.m2/repository/org/springframework/spring-test/5.3.24/spring-test-5.3.24.jar:/home/gaetan/.m2/repository/org/xmlunit/xmlunit-core/2.8.4/xmlunit-core-2.8.4.jar:/home/gaetan/.m2/repository/org/springframework/boot/spring-boot-starter-data-jpa/2.6.14/spring-boot-starter-data-jpa-2.6.14.jar:/home/gaetan/.m2/repository/org/springframework/boot/spring-boot-starter-aop/2.6.14/spring-boot-starter-aop-2.6.14.jar:/home/gaetan/.m2/repository/org/aspectj/aspectjweaver/1.9.7/aspectjweaver-1.9.7.jar:/home/gaetan/.m2/repository/org/springframework/boot/spring-boot-starter-jdbc/2.6.14/spring-boot-starter-jdbc-2.6.14.jar:/home/gaetan/.m2/repository/com/zaxxer/HikariCP/4.0.3/HikariCP-4.0.3.jar:/home/gaetan/.m2/repository/org/springframework/spring-jdbc/5.3.24/spring-jdbc-5.3.24.jar:/home/gaetan/.m2/repository/jakarta/transaction/jakarta.transaction-api/1.3.3/jakarta.transaction-api-1.3.3.jar:/home/gaetan/.m2/repository/jakarta/persistence/jakarta.persistence-api/2.2.3/jakarta.persistence-api-2.2.3.jar:/home/gaetan/.m2/repository/org/hibernate/hibernate-core/5.6.14.Final/hibernate-core-5.6.14.Final.jar:/home/gaetan/.m2/repository/org/jboss/logging/jboss-logging/3.4.3.Final/jboss-logging-3.4.3.Final.jar:/home/gaetan/.m2/repository/antlr/antlr/2.7.7/antlr-2.7.7.jar:/home/gaetan/.m2/repository/org/jboss/jandex/2.4.2.Final/jandex-2.4.2.Final.jar:/home/gaetan/.m2/repository/com/fasterxml/classmate/1.5.1/classmate-1.5.1.jar:/home/gaetan/.m2/repository/org/hibernate/common/hibernate-commons-annotations/5.1.2.Final/hibernate-commons-annotations-5.1.2.Final.jar:/home/gaetan/.m2/repository/org/glassfish/jaxb/jaxb-runtime/2.3.7/jaxb-runtime-2.3.7.jar:/home/gaetan/.m2/repository/org/glassfish/jaxb/txw2/2.3.7/txw2-2.3.7.jar:/home/gaetan/.m2/repository/com/sun/istack/istack-commons-runtime/3.0.12/istack-commons-runtime-3.0.12.jar:/home/gaetan/.m2/repository/com/sun/activation/jakarta.activation/1.2.2/jakarta.activation-1.2.2.jar:/home/gaetan/.m2/repository/org/springframework/data/spring-data-jpa/2.6.10/spring-data-jpa-2.6.10.jar:/home/gaetan/.m2/repository/org/springframework/data/spring-data-commons/2.6.10/spring-data-commons-2.6.10.jar:/home/gaetan/.m2/repository/org/springframework/spring-orm/5.3.24/spring-orm-5.3.24.jar:/home/gaetan/.m2/repository/org/springframework/spring-tx/5.3.24/spring-tx-5.3.24.jar:/home/gaetan/.m2/repository/org/springframework/spring-aspects/5.3.24/spring-aspects-5.3.24.jar:/home/gaetan/.m2/repository/org/hsqldb/hsqldb/2.5.2/hsqldb-2.5.2.jar:/home/gaetan/.m2/repository/org/springframework/boot/spring-boot-starter-validation/2.6.14/spring-boot-starter-validation-2.6.14.jar:/home/gaetan/.m2/repository/org/hibernate/validator/hibernate-validator/6.2.5.Final/hibernate-validator-6.2.5.Final.jar:/home/gaetan/.m2/repository/jakarta/validation/jakarta.validation-api/2.0.2/jakarta.validation-api-2.0.2.jar:/home/gaetan/.m2/repository/org/projectlombok/lombok/1.18.24/lombok-1.18.24.jar:/home/gaetan/.m2/repository/org/webjars/bootstrap/4.6.0-1/bootstrap-4.6.0-1.jar:/home/gaetan/.m2/repository/org/webjars/jquery/3.5.1/jquery-3.5.1.jar:/home/gaetan/.m2/repository/org/webjars/popper.js/1.16.0/popper.js-1.16.0.jar:/home/gaetan/.m2/repository/org/webjars/webjars-locator/0.30/webjars-locator-0.30.jar:/home/gaetan/.m2/repository/org/webjars/webjars-locator-core/0.48/webjars-locator-core-0.48.jar:/home/gaetan/.m2/repository/io/github/classgraph/classgraph/4.8.115/classgraph-4.8.115.jar:/home/gaetan/.m2/repository/com/fasterxml/jackson/core/jackson-core/2.13.4/jackson-core-2.13.4.jar:/home/gaetan/.m2/repository/com/fasterxml/jackson/core/jackson-databind/2.13.4.2/jackson-databind-2.13.4.2.jar:/home/gaetan/.m2/repository/com/fasterxml/jackson/core/jackson-annotations/2.13.4/jackson-annotations-2.13.4.jar:/home/gaetan/.m2/repository/org/apache/commons/commons-lang3/3.12.0/commons-lang3-3.12.0.jar:/home/gaetan/.m2/repository/org/springframework/boot/spring-boot-starter-security/2.6.14/spring-boot-starter-security-2.6.14.jar:/home/gaetan/.m2/repository/org/springframework/spring-aop/5.3.24/spring-aop-5.3.24.jar:/home/gaetan/.m2/repository/org/springframework/security/spring-security-config/5.6.9/spring-security-config-5.6.9.jar:/home/gaetan/.m2/repository/org/springframework/security/spring-security-web/5.6.9/spring-security-web-5.6.9.jar:/home/gaetan/.m2/repository/org/springframework/security/spring-security-test/5.6.9/spring-security-test-5.6.9.jar:/home/gaetan/.m2/repository/org/springframework/security/spring-security-core/5.6.9/spring-security-core-5.6.9.jar:/home/gaetan/.m2/repository/org/springframework/security/spring-security-crypto/5.6.9/spring-security-crypto-5.6.9.jar:/home/gaetan/.m2/repository/org/springframework/security/spring-security-taglibs/5.6.9/spring-security-taglibs-5.6.9.jar:/home/gaetan/.m2/repository/org/springframework/security/spring-security-acl/5.6.9/spring-security-acl-5.6.9.jar:/home/gaetan/.m2/repository/org/springframework/spring-beans/5.3.24/spring-beans-5.3.24.jar:/home/gaetan/.m2/repository/org/springframework/spring-context/5.3.24/spring-context-5.3.24.jar:/home/gaetan/.m2/repository/org/springframework/spring-expression/5.3.24/spring-expression-5.3.24.jar:/home/gaetan/.m2/repository/org/springdoc/springdoc-openapi-starter-webmvc-ui/2.2.0/springdoc-openapi-starter-webmvc-ui-2.2.0.jar:/home/gaetan/.m2/repository/org/springdoc/springdoc-openapi-starter-webmvc-api/2.2.0/springdoc-openapi-starter-webmvc-api-2.2.0.jar:/home/gaetan/.m2/repository/org/springdoc/springdoc-openapi-starter-common/2.2.0/springdoc-openapi-starter-common-2.2.0.jar:/home/gaetan/.m2/repository/io/swagger/core/v3/swagger-core-jakarta/2.2.15/swagger-core-jakarta-2.2.15.jar:/home/gaetan/.m2/repository/io/swagger/core/v3/swagger-annotations-jakarta/2.2.15/swagger-annotations-jakarta-2.2.15.jar:/home/gaetan/.m2/repository/io/swagger/core/v3/swagger-models-jakarta/2.2.15/swagger-models-jakarta-2.2.15.jar:/home/gaetan/.m2/repository/com/fasterxml/jackson/dataformat/jackson-dataformat-yaml/2.13.4/jackson-dataformat-yaml-2.13.4.jar:/home/gaetan/.m2/repository/org/webjars/swagger-ui/5.2.0/swagger-ui-5.2.0.jar:/home/gaetan/.m2/repository/org/modelmapper/modelmapper/3.0.0/modelmapper-3.0.0.jar:/home/gaetan/.m2/repository/io/jsonwebtoken/jjwt/0.9.1/jjwt-0.9.1.jar:/home/gaetan/.m2/repository/org/webjars/npm/vue/3.2.19/vue-3.2.19.jar:/home/gaetan/.m2/repository/org/webjars/npm/vue__compiler-sfc/3.2.19/vue__compiler-sfc-3.2.19.jar:/home/gaetan/.m2/repository/org/webjars/npm/source-map/0.6.1/source-map-0.6.1.jar:/home/gaetan/.m2/repository/org/webjars/npm/babel__parser/8.0.0-alpha.2/babel__parser-8.0.0-alpha.2.jar:/home/gaetan/.m2/repository/org/webjars/npm/vue__compiler-core/3.2.19/vue__compiler-core-3.2.19.jar:/home/gaetan/.m2/repository/org/webjars/npm/vue__compiler-ssr/3.2.19/vue__compiler-ssr-3.2.19.jar:/home/gaetan/.m2/repository/org/webjars/npm/vue__ref-transform/3.2.19/vue__ref-transform-3.2.19.jar:/home/gaetan/.m2/repository/org/webjars/npm/magic-string/0.25.9/magic-string-0.25.9.jar:/home/gaetan/.m2/repository/org/webjars/npm/sourcemap-codec/1.4.8/sourcemap-codec-1.4.8.jar:/home/gaetan/.m2/repository/org/webjars/npm/postcss/8.4.30/postcss-8.4.30.jar:/home/gaetan/.m2/repository/org/webjars/npm/nanoid/3.3.6/nanoid-3.3.6.jar:/home/gaetan/.m2/repository/org/webjars/npm/picocolors/1.0.0/picocolors-1.0.0.jar:/home/gaetan/.m2/repository/org/webjars/npm/source-map-js/1.0.2/source-map-js-1.0.2.jar:/home/gaetan/.m2/repository/org/webjars/npm/estree-walker/2.0.2/estree-walker-2.0.2.jar:/home/gaetan/.m2/repository/org/webjars/npm/vue__runtime-dom/3.2.19/vue__runtime-dom-3.2.19.jar:/home/gaetan/.m2/repository/org/webjars/npm/vue__runtime-core/3.2.19/vue__runtime-core-3.2.19.jar:/home/gaetan/.m2/repository/org/webjars/npm/vue__reactivity/3.2.19/vue__reactivity-3.2.19.jar:/home/gaetan/.m2/repository/org/webjars/npm/csstype/3.0.0-beta.4/csstype-3.0.0-beta.4.jar:/home/gaetan/.m2/repository/org/webjars/npm/vue__compiler-dom/3.2.19/vue__compiler-dom-3.2.19.jar:/home/gaetan/.m2/repository/org/webjars/npm/vue__shared/3.2.19/vue__shared-3.2.19.jar:/home/gaetan/.m2/repository/org/webjars/npm/vue__server-renderer/3.2.19/vue__server-renderer-3.2.19.jar:/home/gaetan/.m2/repository/org/webjars/npm/axios/0.22.0/axios-0.22.0.jar:/home/gaetan/.m2/repository/org/webjars/npm/follow-redirects/1.15.2/follow-redirects-1.15.2.jar:"/>
    <property name="java.vm.vendor" value="Oracle Corporation"/>
    <property name="sun.arch.data.model" value="64"/>
    <property name="java.vendor.url" value="https://java.oracle.com/"/>
    <property name="os.name" value="Linux"/>
    <property name="java.vm.specification.version" value="20"/>
    <property name="sun.java.launcher" value="SUN_STANDARD"/>
    <property name="user.country" value="US"/>
    <property name="sun.boot.library.path" value="/usr/lib/jvm/jdk-20/lib"/>
    <property name="sun.java.command" value="/home/gaetan/Documents/Travail/M2 Info/AA2/Projet/my-app/target/surefire/surefirebooter11603838445993055130.jar /home/gaetan/Documents/Travail/M2 Info/AA2/Projet/my-app/target/surefire 2023-10-05T14-31-47_953-jvmRun1 surefire8084217575327923936tmp surefire_07775027942636991769tmp"/>
    <property name="jdk.debug" value="release"/>
    <property name="surefire.test.class.path" value="/home/gaetan/Documents/Travail/M2 Info/AA2/Projet/my-app/target/test-classes:/home/gaetan/Documents/Travail/M2 Info/AA2/Projet/my-app/target/classes:/home/gaetan/.m2/repository/org/springframework/boot/spring-boot-starter-webflux/2.6.14/spring-boot-starter-webflux-2.6.14.jar:/home/gaetan/.m2/repository/org/springframework/boot/spring-boot-starter/2.6.14/spring-boot-starter-2.6.14.jar:/home/gaetan/.m2/repository/org/springframework/boot/spring-boot-starter-logging/2.6.14/spring-boot-starter-logging-2.6.14.jar:/home/gaetan/.m2/repository/ch/qos/logback/logback-classic/1.2.11/logback-classic-1.2.11.jar:/home/gaetan/.m2/repository/ch/qos/logback/logback-core/1.2.11/logback-core-1.2.11.jar:/home/gaetan/.m2/repository/org/apache/logging/log4j/log4j-to-slf4j/2.17.2/log4j-to-slf4j-2.17.2.jar:/home/gaetan/.m2/repository/org/apache/logging/log4j/log4j-api/2.17.2/log4j-api-2.17.2.jar:/home/gaetan/.m2/repository/org/slf4j/jul-to-slf4j/1.7.36/jul-to-slf4j-1.7.36.jar:/home/gaetan/.m2/repository/org/yaml/snakeyaml/1.29/snakeyaml-1.29.jar:/home/gaetan/.m2/repository/org/springframework/boot/spring-boot-starter-json/2.6.14/spring-boot-starter-json-2.6.14.jar:/home/gaetan/.m2/repository/com/fasterxml/jackson/datatype/jackson-datatype-jdk8/2.13.4/jackson-datatype-jdk8-2.13.4.jar:/home/gaetan/.m2/repository/com/fasterxml/jackson/datatype/jackson-datatype-jsr310/2.13.4/jackson-datatype-jsr310-2.13.4.jar:/home/gaetan/.m2/repository/com/fasterxml/jackson/module/jackson-module-parameter-names/2.13.4/jackson-module-parameter-names-2.13.4.jar:/home/gaetan/.m2/repository/org/springframework/boot/spring-boot-starter-reactor-netty/2.6.14/spring-boot-starter-reactor-netty-2.6.14.jar:/home/gaetan/.m2/repository/io/projectreactor/netty/reactor-netty-http/1.0.25/reactor-netty-http-1.0.25.jar:/home/gaetan/.m2/repository/io/netty/netty-codec-http/4.1.85.Final/netty-codec-http-4.1.85.Final.jar:/home/gaetan/.m2/repository/io/netty/netty-common/4.1.85.Final/netty-common-4.1.85.Final.jar:/home/gaetan/.m2/repository/io/netty/netty-buffer/4.1.85.Final/netty-buffer-4.1.85.Final.jar:/home/gaetan/.m2/repository/io/netty/netty-transport/4.1.85.Final/netty-transport-4.1.85.Final.jar:/home/gaetan/.m2/repository/io/netty/netty-codec/4.1.85.Final/netty-codec-4.1.85.Final.jar:/home/gaetan/.m2/repository/io/netty/netty-handler/4.1.85.Final/netty-handler-4.1.85.Final.jar:/home/gaetan/.m2/repository/io/netty/netty-codec-http2/4.1.85.Final/netty-codec-http2-4.1.85.Final.jar:/home/gaetan/.m2/repository/io/netty/netty-resolver-dns/4.1.85.Final/netty-resolver-dns-4.1.85.Final.jar:/home/gaetan/.m2/repository/io/netty/netty-resolver/4.1.85.Final/netty-resolver-4.1.85.Final.jar:/home/gaetan/.m2/repository/io/netty/netty-codec-dns/4.1.85.Final/netty-codec-dns-4.1.85.Final.jar:/home/gaetan/.m2/repository/io/netty/netty-resolver-dns-native-macos/4.1.85.Final/netty-resolver-dns-native-macos-4.1.85.Final-osx-x86_64.jar:/home/gaetan/.m2/repository/io/netty/netty-resolver-dns-classes-macos/4.1.85.Final/netty-resolver-dns-classes-macos-4.1.85.Final.jar:/home/gaetan/.m2/repository/io/netty/netty-transport-native-epoll/4.1.85.Final/netty-transport-native-epoll-4.1.85.Final-linux-x86_64.jar:/home/gaetan/.m2/repository/io/netty/netty-transport-native-unix-common/4.1.85.Final/netty-transport-native-unix-common-4.1.85.Final.jar:/home/gaetan/.m2/repository/io/netty/netty-transport-classes-epoll/4.1.85.Final/netty-transport-classes-epoll-4.1.85.Final.jar:/home/gaetan/.m2/repository/io/projectreactor/netty/reactor-netty-core/1.0.25/reactor-netty-core-1.0.25.jar:/home/gaetan/.m2/repository/io/netty/netty-handler-proxy/4.1.85.Final/netty-handler-proxy-4.1.85.Final.jar:/home/gaetan/.m2/repository/io/netty/netty-codec-socks/4.1.85.Final/netty-codec-socks-4.1.85.Final.jar:/home/gaetan/.m2/repository/org/springframework/spring-web/5.3.24/spring-web-5.3.24.jar:/home/gaetan/.m2/repository/org/springframework/spring-webflux/5.3.24/spring-webflux-5.3.24.jar:/home/gaetan/.m2/repository/io/projectreactor/reactor-core/3.4.25/reactor-core-3.4.25.jar:/home/gaetan/.m2/repository/org/reactivestreams/reactive-streams/1.0.4/reactive-streams-1.0.4.jar:/home/gaetan/.m2/repository/org/springframework/boot/spring-boot-starter-web/2.6.14/spring-boot-starter-web-2.6.14.jar:/home/gaetan/.m2/repository/org/springframework/spring-webmvc/5.3.24/spring-webmvc-5.3.24.jar:/home/gaetan/.m2/repository/org/springframework/boot/spring-boot-devtools/2.6.14/spring-boot-devtools-2.6.14.jar:/home/gaetan/.m2/repository/org/springframework/boot/spring-boot/2.6.14/spring-boot-2.6.14.jar:/home/gaetan/.m2/repository/org/springframework/boot/spring-boot-autoconfigure/2.6.14/spring-boot-autoconfigure-2.6.14.jar:/home/gaetan/.m2/repository/org/springframework/boot/spring-boot-starter-tomcat/2.6.14/spring-boot-starter-tomcat-2.6.14.jar:/home/gaetan/.m2/repository/jakarta/annotation/jakarta.annotation-api/1.3.5/jakarta.annotation-api-1.3.5.jar:/home/gaetan/.m2/repository/org/apache/tomcat/embed/tomcat-embed-core/9.0.69/tomcat-embed-core-9.0.69.jar:/home/gaetan/.m2/repository/org/apache/tomcat/embed/tomcat-embed-el/9.0.69/tomcat-embed-el-9.0.69.jar:/home/gaetan/.m2/repository/org/apache/tomcat/embed/tomcat-embed-websocket/9.0.69/tomcat-embed-websocket-9.0.69.jar:/home/gaetan/.m2/repository/org/apache/tomcat/embed/tomcat-embed-jasper/9.0.69/tomcat-embed-jasper-9.0.69.jar:/home/gaetan/.m2/repository/org/eclipse/jdt/ecj/3.18.0/ecj-3.18.0.jar:/home/gaetan/.m2/repository/org/apache/taglibs/taglibs-standard-spec/1.2.5/taglibs-standard-spec-1.2.5.jar:/home/gaetan/.m2/repository/org/apache/taglibs/taglibs-standard-impl/1.2.5/taglibs-standard-impl-1.2.5.jar:/home/gaetan/.m2/repository/org/springframework/boot/spring-boot-starter-test/2.6.14/spring-boot-starter-test-2.6.14.jar:/home/gaetan/.m2/repository/org/springframework/boot/spring-boot-test/2.6.14/spring-boot-test-2.6.14.jar:/home/gaetan/.m2/repository/org/springframework/boot/spring-boot-test-autoconfigure/2.6.14/spring-boot-test-autoconfigure-2.6.14.jar:/home/gaetan/.m2/repository/com/jayway/jsonpath/json-path/2.6.0/json-path-2.6.0.jar:/home/gaetan/.m2/repository/net/minidev/json-smart/2.4.8/json-smart-2.4.8.jar:/home/gaetan/.m2/repository/net/minidev/accessors-smart/2.4.8/accessors-smart-2.4.8.jar:/home/gaetan/.m2/repository/org/ow2/asm/asm/9.1/asm-9.1.jar:/home/gaetan/.m2/repository/org/slf4j/slf4j-api/1.7.36/slf4j-api-1.7.36.jar:/home/gaetan/.m2/repository/jakarta/xml/bind/jakarta.xml.bind-api/2.3.3/jakarta.xml.bind-api-2.3.3.jar:/home/gaetan/.m2/repository/jakarta/activation/jakarta.activation-api/1.2.2/jakarta.activation-api-1.2.2.jar:/home/gaetan/.m2/repository/org/assertj/assertj-core/3.21.0/assertj-core-3.21.0.jar:/home/gaetan/.m2/repository/org/hamcrest/hamcrest/2.2/hamcrest-2.2.jar:/home/gaetan/.m2/repository/org/junit/jupiter/junit-jupiter/5.8.2/junit-jupiter-5.8.2.jar:/home/gaetan/.m2/repository/org/junit/jupiter/junit-jupiter-api/5.8.2/junit-jupiter-api-5.8.2.jar:/home/gaetan/.m2/repository/org/opentest4j/opentest4j/1.2.0/opentest4j-1.2.0.jar:/home/gaetan/.m2/repository/org/junit/platform/junit-platform-commons/1.8.2/junit-platform-commons-1.8.2.jar:/home/gaetan/.m2/repository/org/apiguardian/apiguardian-api/1.1.2/apiguardian-api-1.1.2.jar:/home/gaetan/.m2/repository/org/junit/jupiter/junit-jupiter-params/5.8.2/junit-jupiter-params-5.8.2.jar:/home/gaetan/.m2/repository/org/junit/jupiter/junit-jupiter-engine/5.8.2/junit-jupiter-engine-5.8.2.jar:/home/gaetan/.m2/repository/org/junit/platform/junit-platform-engine/1.8.2/junit-platform-engine-1.8.2.jar:/home/gaetan/.m2/repository/org/mockito/mockito-core/4.0.0/mockito-core-4.0.0.jar:/home/gaetan/.m2/repository/net/bytebuddy/byte-buddy/1.11.22/byte-buddy-1.11.22.jar:/home/gaetan/.m2/repository/net/bytebuddy/byte-buddy-agent/1.11.22/byte-buddy-agent-1.11.22.jar:/home/gaetan/.m2/repository/org/objenesis/objenesis/3.2/objenesis-3.2.jar:/home/gaetan/.m2/repository/org/mockito/mockito-junit-jupiter/4.0.0/mockito-junit-jupiter-4.0.0.jar:/home/gaetan/.m2/repository/org/skyscreamer/jsonassert/1.5.1/jsonassert-1.5.1.jar:/home/gaetan/.m2/repository/com/vaadin/external/google/android-json/0.0.20131108.vaadin1/android-json-0.0.20131108.vaadin1.jar:/home/gaetan/.m2/repository/org/springframework/spring-core/5.3.24/spring-core-5.3.24.jar:/home/gaetan/.m2/repository/org/springframework/spring-jcl/5.3.24/spring-jcl-5.3.24.jar:/home/gaetan/.m2/repository/org/springframework/spring-test/5.3.24/spring-test-5.3.24.jar:/home/gaetan/.m2/repository/org/xmlunit/xmlunit-core/2.8.4/xmlunit-core-2.8.4.jar:/home/gaetan/.m2/repository/org/springframework/boot/spring-boot-starter-data-jpa/2.6.14/spring-boot-starter-data-jpa-2.6.14.jar:/home/gaetan/.m2/repository/org/springframework/boot/spring-boot-starter-aop/2.6.14/spring-boot-starter-aop-2.6.14.jar:/home/gaetan/.m2/repository/org/aspectj/aspectjweaver/1.9.7/aspectjweaver-1.9.7.jar:/home/gaetan/.m2/repository/org/springframework/boot/spring-boot-starter-jdbc/2.6.14/spring-boot-starter-jdbc-2.6.14.jar:/home/gaetan/.m2/repository/com/zaxxer/HikariCP/4.0.3/HikariCP-4.0.3.jar:/home/gaetan/.m2/repository/org/springframework/spring-jdbc/5.3.24/spring-jdbc-5.3.24.jar:/home/gaetan/.m2/repository/jakarta/transaction/jakarta.transaction-api/1.3.3/jakarta.transaction-api-1.3.3.jar:/home/gaetan/.m2/repository/jakarta/persistence/jakarta.persistence-api/2.2.3/jakarta.persistence-api-2.2.3.jar:/home/gaetan/.m2/repository/org/hibernate/hibernate-core/5.6.14.Final/hibernate-core-5.6.14.Final.jar:/home/gaetan/.m2/repository/org/jboss/logging/jboss-logging/3.4.3.Final/jboss-logging-3.4.3.Final.jar:/home/gaetan/.m2/repository/antlr/antlr/2.7.7/antlr-2.7.7.jar:/home/gaetan/.m2/repository/org/jboss/jandex/2.4.2.Final/jandex-2.4.2.Final.jar:/home/gaetan/.m2/repository/com/fasterxml/classmate/1.5.1/classmate-1.5.1.jar:/home/gaetan/.m2/repository/org/hibernate/common/hibernate-commons-annotations/5.1.2.Final/hibernate-commons-annotations-5.1.2.Final.jar:/home/gaetan/.m2/repository/org/glassfish/jaxb/jaxb-runtime/2.3.7/jaxb-runtime-2.3.7.jar:/home/gaetan/.m2/repository/org/glassfish/jaxb/txw2/2.3.7/txw2-2.3.7.jar:/home/gaetan/.m2/repository/com/sun/istack/istack-commons-runtime/3.0.12/istack-commons-runtime-3.0.12.jar:/home/gaetan/.m2/repository/com/sun/activation/jakarta.activation/1.2.2/jakarta.activation-1.2.2.jar:/home/gaetan/.m2/repository/org/springframework/data/spring-data-jpa/2.6.10/spring-data-jpa-2.6.10.jar:/home/gaetan/.m2/repository/org/springframework/data/spring-data-commons/2.6.10/spring-data-commons-2.6.10.jar:/home/gaetan/.m2/repository/org/springframework/spring-orm/5.3.24/spring-orm-5.3.24.jar:/home/gaetan/.m2/repository/org/springframework/spring-tx/5.3.24/spring-tx-5.3.24.jar:/home/gaetan/.m2/repository/org/springframework/spring-aspects/5.3.24/spring-aspects-5.3.24.jar:/home/gaetan/.m2/repository/org/hsqldb/hsqldb/2.5.2/hsqldb-2.5.2.jar:/home/gaetan/.m2/repository/org/springframework/boot/spring-boot-starter-validation/2.6.14/spring-boot-starter-validation-2.6.14.jar:/home/gaetan/.m2/repository/org/hibernate/validator/hibernate-validator/6.2.5.Final/hibernate-validator-6.2.5.Final.jar:/home/gaetan/.m2/repository/jakarta/validation/jakarta.validation-api/2.0.2/jakarta.validation-api-2.0.2.jar:/home/gaetan/.m2/repository/org/projectlombok/lombok/1.18.24/lombok-1.18.24.jar:/home/gaetan/.m2/repository/org/webjars/bootstrap/4.6.0-1/bootstrap-4.6.0-1.jar:/home/gaetan/.m2/repository/org/webjars/jquery/3.5.1/jquery-3.5.1.jar:/home/gaetan/.m2/repository/org/webjars/popper.js/1.16.0/popper.js-1.16.0.jar:/home/gaetan/.m2/repository/org/webjars/webjars-locator/0.30/webjars-locator-0.30.jar:/home/gaetan/.m2/repository/org/webjars/webjars-locator-core/0.48/webjars-locator-core-0.48.jar:/home/gaetan/.m2/repository/io/github/classgraph/classgraph/4.8.115/classgraph-4.8.115.jar:/home/gaetan/.m2/repository/com/fasterxml/jackson/core/jackson-core/2.13.4/jackson-core-2.13.4.jar:/home/gaetan/.m2/repository/com/fasterxml/jackson/core/jackson-databind/2.13.4.2/jackson-databind-2.13.4.2.jar:/home/gaetan/.m2/repository/com/fasterxml/jackson/core/jackson-annotations/2.13.4/jackson-annotations-2.13.4.jar:/home/gaetan/.m2/repository/org/apache/commons/commons-lang3/3.12.0/commons-lang3-3.12.0.jar:/home/gaetan/.m2/repository/org/springframework/boot/spring-boot-starter-security/2.6.14/spring-boot-starter-security-2.6.14.jar:/home/gaetan/.m2/repository/org/springframework/spring-aop/5.3.24/spring-aop-5.3.24.jar:/home/gaetan/.m2/repository/org/springframework/security/spring-security-config/5.6.9/spring-security-config-5.6.9.jar:/home/gaetan/.m2/repository/org/springframework/security/spring-security-web/5.6.9/spring-security-web-5.6.9.jar:/home/gaetan/.m2/repository/org/springframework/security/spring-security-test/5.6.9/spring-security-test-5.6.9.jar:/home/gaetan/.m2/repository/org/springframework/security/spring-security-core/5.6.9/spring-security-core-5.6.9.jar:/home/gaetan/.m2/repository/org/springframework/security/spring-security-crypto/5.6.9/spring-security-crypto-5.6.9.jar:/home/gaetan/.m2/repository/org/springframework/security/spring-security-taglibs/5.6.9/spring-security-taglibs-5.6.9.jar:/home/gaetan/.m2/repository/org/springframework/security/spring-security-acl/5.6.9/spring-security-acl-5.6.9.jar:/home/gaetan/.m2/repository/org/springframework/spring-beans/5.3.24/spring-beans-5.3.24.jar:/home/gaetan/.m2/repository/org/springframework/spring-context/5.3.24/spring-context-5.3.24.jar:/home/gaetan/.m2/repository/org/springframework/spring-expression/5.3.24/spring-expression-5.3.24.jar:/home/gaetan/.m2/repository/org/springdoc/springdoc-openapi-starter-webmvc-ui/2.2.0/springdoc-openapi-starter-webmvc-ui-2.2.0.jar:/home/gaetan/.m2/repository/org/springdoc/springdoc-openapi-starter-webmvc-api/2.2.0/springdoc-openapi-starter-webmvc-api-2.2.0.jar:/home/gaetan/.m2/repository/org/springdoc/springdoc-openapi-starter-common/2.2.0/springdoc-openapi-starter-common-2.2.0.jar:/home/gaetan/.m2/repository/io/swagger/core/v3/swagger-core-jakarta/2.2.15/swagger-core-jakarta-2.2.15.jar:/home/gaetan/.m2/repository/io/swagger/core/v3/swagger-annotations-jakarta/2.2.15/swagger-annotations-jakarta-2.2.15.jar:/home/gaetan/.m2/repository/io/swagger/core/v3/swagger-models-jakarta/2.2.15/swagger-models-jakarta-2.2.15.jar:/home/gaetan/.m2/repository/com/fasterxml/jackson/dataformat/jackson-dataformat-yaml/2.13.4/jackson-dataformat-yaml-2.13.4.jar:/home/gaetan/.m2/repository/org/webjars/swagger-ui/5.2.0/swagger-ui-5.2.0.jar:/home/gaetan/.m2/repository/org/modelmapper/modelmapper/3.0.0/modelmapper-3.0.0.jar:/home/gaetan/.m2/repository/io/jsonwebtoken/jjwt/0.9.1/jjwt-0.9.1.jar:/home/gaetan/.m2/repository/org/webjars/npm/vue/3.2.19/vue-3.2.19.jar:/home/gaetan/.m2/repository/org/webjars/npm/vue__compiler-sfc/3.2.19/vue__compiler-sfc-3.2.19.jar:/home/gaetan/.m2/repository/org/webjars/npm/source-map/0.6.1/source-map-0.6.1.jar:/home/gaetan/.m2/repository/org/webjars/npm/babel__parser/8.0.0-alpha.2/babel__parser-8.0.0-alpha.2.jar:/home/gaetan/.m2/repository/org/webjars/npm/vue__compiler-core/3.2.19/vue__compiler-core-3.2.19.jar:/home/gaetan/.m2/repository/org/webjars/npm/vue__compiler-ssr/3.2.19/vue__compiler-ssr-3.2.19.jar:/home/gaetan/.m2/repository/org/webjars/npm/vue__ref-transform/3.2.19/vue__ref-transform-3.2.19.jar:/home/gaetan/.m2/repository/org/webjars/npm/magic-string/0.25.9/magic-string-0.25.9.jar:/home/gaetan/.m2/repository/org/webjars/npm/sourcemap-codec/1.4.8/sourcemap-codec-1.4.8.jar:/home/gaetan/.m2/repository/org/webjars/npm/postcss/8.4.30/postcss-8.4.30.jar:/home/gaetan/.m2/repository/org/webjars/npm/nanoid/3.3.6/nanoid-3.3.6.jar:/home/gaetan/.m2/repository/org/webjars/npm/picocolors/1.0.0/picocolors-1.0.0.jar:/home/gaetan/.m2/repository/org/webjars/npm/source-map-js/1.0.2/source-map-js-1.0.2.jar:/home/gaetan/.m2/repository/org/webjars/npm/estree-walker/2.0.2/estree-walker-2.0.2.jar:/home/gaetan/.m2/repository/org/webjars/npm/vue__runtime-dom/3.2.19/vue__runtime-dom-3.2.19.jar:/home/gaetan/.m2/repository/org/webjars/npm/vue__runtime-core/3.2.19/vue__runtime-core-3.2.19.jar:/home/gaetan/.m2/repository/org/webjars/npm/vue__reactivity/3.2.19/vue__reactivity-3.2.19.jar:/home/gaetan/.m2/repository/org/webjars/npm/csstype/3.0.0-beta.4/csstype-3.0.0-beta.4.jar:/home/gaetan/.m2/repository/org/webjars/npm/vue__compiler-dom/3.2.19/vue__compiler-dom-3.2.19.jar:/home/gaetan/.m2/repository/org/webjars/npm/vue__shared/3.2.19/vue__shared-3.2.19.jar:/home/gaetan/.m2/repository/org/webjars/npm/vue__server-renderer/3.2.19/vue__server-renderer-3.2.19.jar:/home/gaetan/.m2/repository/org/webjars/npm/axios/0.22.0/axios-0.22.0.jar:/home/gaetan/.m2/repository/org/webjars/npm/follow-redirects/1.15.2/follow-redirects-1.15.2.jar:"/>
    <property name="sun.cpu.endian" value="little"/>
    <property name="user.home" value="/home/gaetan"/>
    <property name="user.language" value="en"/>
    <property name="java.specification.vendor" value="Oracle Corporation"/>
    <property name="java.version.date" value="2023-03-21"/>
    <property name="java.home" value="/usr/lib/jvm/jdk-20"/>
    <property name="file.separator" value="/"/>
    <property name="basedir" value="/home/gaetan/Documents/Travail/M2 Info/AA2/Projet/my-app"/>
    <property name="java.vm.compressedOopsMode" value="32-bit"/>
    <property name="line.separator" value="&#10;"/>
    <property name="java.specification.name" value="Java Platform API Specification"/>
    <property name="java.vm.specification.vendor" value="Oracle Corporation"/>
    <property name="surefire.real.class.path" value="/home/gaetan/Documents/Travail/M2 Info/AA2/Projet/my-app/target/surefire/surefirebooter11603838445993055130.jar"/>
    <property name="sun.management.compiler" value="HotSpot 64-Bit Tiered Compilers"/>
    <property name="java.runtime.version" value="20+36-2344"/>
    <property name="user.name" value="gaetan"/>
    <property name="stdout.encoding" value="UTF-8"/>
    <property name="path.separator" value=":"/>
    <property name="os.version" value="5.19.0-45-generic"/>
    <property name="java.runtime.name" value="Java(TM) SE Runtime Environment"/>
    <property name="file.encoding" value="UTF-8"/>
    <property name="java.vm.name" value="Java HotSpot(TM) 64-Bit Server VM"/>
    <property name="localRepository" value="/home/gaetan/.m2/repository"/>
    <property name="java.vendor.url.bug" value="https://bugreport.java.com/bugreport/"/>
    <property name="java.io.tmpdir" value="/tmp"/>
    <property name="java.version" value="20"/>
    <property name="user.dir" value="/home/gaetan/Documents/Travail/M2 Info/AA2/Projet/my-app"/>
    <property name="os.arch" value="amd64"/>
    <property name="java.vm.specification.name" value="Java Virtual Machine Specification"/>
    <property name="native.encoding" value="UTF-8"/>
    <property name="java.library.path" value="/usr/java/packages/lib:/usr/lib64:/lib64:/lib:/usr/lib"/>
    <property name="java.vm.info" value="mixed mode, sharing"/>
    <property name="stderr.encoding" value="UTF-8"/>
    <property name="java.vendor" value="Oracle Corporation"/>
    <property name="java.vm.version" value="20+36-2344"/>
    <property name="sun.io.unicode.encoding" value="UnicodeLittle"/>
    <property name="java.class.version" value="64.0"/>
  </properties>
  <testcase name="tester" classname="myboot.dao.TestCVRepository" time="0.002">
    <error message="Failed to load ApplicationContext" type="java.lang.IllegalStateException">java.lang.IllegalStateException: Failed to load ApplicationContext
Caused by: org.springframework.beans.factory.BeanCreationException: Error creating bean with name 'entityManagerFactory' defined in class path resource [org/springframework/boot/autoconfigure/orm/jpa/HibernateJpaConfiguration.class]: Invocation of init method failed; nested exception is org.hibernate.AnnotationException: Unknown mappedBy in: myboot.model.CV.owner, referenced property unknown: myboot.model.Person.cv
Caused by: org.hibernate.AnnotationException: Unknown mappedBy in: myboot.model.CV.owner, referenced property unknown: myboot.model.Person.cv
</error>
    <system-out><![CDATA[14:31:50.358 [main] DEBUG org.springframework.test.context.BootstrapUtils - Instantiating CacheAwareContextLoaderDelegate from class [org.springframework.test.context.cache.DefaultCacheAwareContextLoaderDelegate]
14:31:50.369 [main] DEBUG org.springframework.test.context.BootstrapUtils - Instantiating BootstrapContext using constructor [public org.springframework.test.context.support.DefaultBootstrapContext(java.lang.Class,org.springframework.test.context.CacheAwareContextLoaderDelegate)]
14:31:50.404 [main] DEBUG org.springframework.test.context.BootstrapUtils - Instantiating TestContextBootstrapper for test class [myboot.dao.TestCVRepository] from class [org.springframework.boot.test.context.SpringBootTestContextBootstrapper]
14:31:50.415 [main] INFO org.springframework.boot.test.context.SpringBootTestContextBootstrapper - Neither @ContextConfiguration nor @ContextHierarchy found for test class [myboot.dao.TestCVRepository], using SpringBootContextLoader
14:31:50.419 [main] DEBUG org.springframework.test.context.support.AbstractContextLoader - Did not detect default resource location for test class [myboot.dao.TestCVRepository]: class path resource [myboot/dao/TestCVRepository-context.xml] does not exist
14:31:50.421 [main] DEBUG org.springframework.test.context.support.AbstractContextLoader - Did not detect default resource location for test class [myboot.dao.TestCVRepository]: class path resource [myboot/dao/TestCVRepositoryContext.groovy] does not exist
14:31:50.421 [main] INFO org.springframework.test.context.support.AbstractContextLoader - Could not detect default resource locations for test class [myboot.dao.TestCVRepository]: no resource found for suffixes {-context.xml, Context.groovy}.
14:31:50.422 [main] INFO org.springframework.test.context.support.AnnotationConfigContextLoaderUtils - Could not detect default configuration classes for test class [myboot.dao.TestCVRepository]: TestCVRepository does not declare any static, non-private, non-final, nested classes annotated with @Configuration.
14:31:50.473 [main] DEBUG org.springframework.test.context.support.ActiveProfilesUtils - Could not find an 'annotation declaring class' for annotation type [org.springframework.test.context.ActiveProfiles] and class [myboot.dao.TestCVRepository]
14:31:50.562 [main] DEBUG org.springframework.context.annotation.ClassPathScanningCandidateComponentProvider - Identified candidate component class: file [/home/gaetan/Documents/Travail/M2 Info/AA2/Projet/my-app/target/classes/myboot/Starter.class]
14:31:50.564 [main] INFO org.springframework.boot.test.context.SpringBootTestContextBootstrapper - Found @SpringBootConfiguration myboot.Starter for test class myboot.dao.TestCVRepository
14:31:50.676 [main] DEBUG org.springframework.boot.test.context.SpringBootTestContextBootstrapper - @TestExecutionListeners is not present for class [myboot.dao.TestCVRepository]: using defaults.
14:31:50.676 [main] INFO org.springframework.boot.test.context.SpringBootTestContextBootstrapper - Loaded default TestExecutionListener class names from location [META-INF/spring.factories]: [org.springframework.boot.test.mock.mockito.MockitoTestExecutionListener, org.springframework.boot.test.mock.mockito.ResetMocksTestExecutionListener, org.springframework.boot.test.autoconfigure.restdocs.RestDocsTestExecutionListener, org.springframework.boot.test.autoconfigure.web.client.MockRestServiceServerResetTestExecutionListener, org.springframework.boot.test.autoconfigure.web.servlet.MockMvcPrintOnlyOnFailureTestExecutionListener, org.springframework.boot.test.autoconfigure.web.servlet.WebDriverTestExecutionListener, org.springframework.boot.test.autoconfigure.webservices.client.MockWebServiceServerTestExecutionListener, org.springframework.test.context.web.ServletTestExecutionListener, org.springframework.test.context.support.DirtiesContextBeforeModesTestExecutionListener, org.springframework.test.context.event.ApplicationEventsTestExecutionListener, org.springframework.test.context.support.DependencyInjectionTestExecutionListener, org.springframework.test.context.support.DirtiesContextTestExecutionListener, org.springframework.test.context.transaction.TransactionalTestExecutionListener, org.springframework.test.context.jdbc.SqlScriptsTestExecutionListener, org.springframework.test.context.event.EventPublishingTestExecutionListener, org.springframework.security.test.context.support.WithSecurityContextTestExecutionListener, org.springframework.security.test.context.support.ReactorContextTestExecutionListener]
14:31:50.691 [main] INFO org.springframework.boot.test.context.SpringBootTestContextBootstrapper - Using TestExecutionListeners: [org.springframework.test.context.web.ServletTestExecutionListener@babafc2, org.springframework.test.context.support.DirtiesContextBeforeModesTestExecutionListener@31add175, org.springframework.test.context.event.ApplicationEventsTestExecutionListener@ae3540e, org.springframework.boot.test.mock.mockito.MockitoTestExecutionListener@600b9d27, org.springframework.boot.test.autoconfigure.SpringBootDependencyInjectionTestExecutionListener@3688eb5b, org.springframework.test.context.support.DirtiesContextTestExecutionListener@69f1a286, org.springframework.test.context.transaction.TransactionalTestExecutionListener@7922d892, org.springframework.test.context.jdbc.SqlScriptsTestExecutionListener@457c9034, org.springframework.test.context.event.EventPublishingTestExecutionListener@345f69f3, org.springframework.security.test.context.support.WithSecurityContextTestExecutionListener@50de186c, org.springframework.security.test.context.support.ReactorContextTestExecutionListener@3f57bcad, org.springframework.boot.test.mock.mockito.ResetMocksTestExecutionListener@1e8b7643, org.springframework.boot.test.autoconfigure.restdocs.RestDocsTestExecutionListener@51549490, org.springframework.boot.test.autoconfigure.web.client.MockRestServiceServerResetTestExecutionListener@71e9ebae, org.springframework.boot.test.autoconfigure.web.servlet.MockMvcPrintOnlyOnFailureTestExecutionListener@73d983ea, org.springframework.boot.test.autoconfigure.web.servlet.WebDriverTestExecutionListener@36a5cabc, org.springframework.boot.test.autoconfigure.webservices.client.MockWebServiceServerTestExecutionListener@432038ec]
14:31:50.695 [main] DEBUG org.springframework.test.context.support.AbstractDirtiesContextTestExecutionListener - Before test class: context [DefaultTestContext@7d446ed1 testClass = TestCVRepository, testInstance = [null], testMethod = [null], testException = [null], mergedContextConfiguration = [WebMergedContextConfiguration@12d2ce03 testClass = TestCVRepository, locations = '{}', classes = '{class myboot.Starter}', contextInitializerClasses = '[]', activeProfiles = '{}', propertySourceLocations = '{}', propertySourceProperties = '{org.springframework.boot.test.context.SpringBootTestContextBootstrapper=true}', contextCustomizers = set[org.springframework.boot.test.context.filter.ExcludeFilterContextCustomizer@62e7f11d, org.springframework.boot.test.json.DuplicateJsonObjectContextCustomizerFactory$DuplicateJsonObjectContextCustomizer@2abf4075, org.springframework.boot.test.mock.mockito.MockitoContextCustomizer@0, org.springframework.boot.test.web.client.TestRestTemplateContextCustomizer@62230c58, org.springframework.boot.test.web.reactive.server.WebTestClientContextCustomizer@69e1dd28, org.springframework.boot.test.autoconfigure.actuate.metrics.MetricsExportContextCustomizerFactory$DisableMetricExportContextCustomizer@5fd4f8f5, org.springframework.boot.test.autoconfigure.properties.PropertyMappingContextCustomizer@0, org.springframework.boot.test.autoconfigure.web.servlet.WebDriverContextCustomizerFactory$Customizer@306f16f3, org.springframework.boot.test.context.SpringBootTestArgs@1, org.springframework.boot.test.context.SpringBootTestWebEnvironment@131276c2], resourceBasePath = 'src/main/webapp', contextLoader = 'org.springframework.boot.test.context.SpringBootContextLoader', parent = [null]], attributes = map['org.springframework.test.context.web.ServletTestExecutionListener.activateListener' -> true]], class annotated with @DirtiesContext [false] with mode [null].

  .   ____          _            __ _ _
 /\\ / ___'_ __ _ _(_)_ __  __ _ \ \ \ \
( ( )\___ | '_ | '_| | '_ \/ _` | \ \ \ \
 \\/  ___)| |_)| | | | | || (_| |  ) ) ) )
  '  |____| .__|_| |_|_| |_\__, | / / / /
 =========|_|==============|___/=/_/_/_/
 :: Spring Boot ::               (v2.6.14)

2023-10-05 14:31:51.030  INFO 15334 --- [           main] myboot.dao.TestCVRepository              : Starting TestCVRepository using Java 20 on gaetan-HP-Pavilion-Gaming-Laptop-17 with PID 15334 (started by gaetan in /home/gaetan/Documents/Travail/M2 Info/AA2/Projet/my-app)
2023-10-05 14:31:51.032  INFO 15334 --- [           main] myboot.dao.TestCVRepository              : No active profile set, falling back to 1 default profile: "default"
2023-10-05 14:31:51.793  INFO 15334 --- [           main] .s.d.r.c.RepositoryConfigurationDelegate : Bootstrapping Spring Data JPA repositories in DEFAULT mode.
2023-10-05 14:31:51.909  INFO 15334 --- [           main] .s.d.r.c.RepositoryConfigurationDelegate : Finished Spring Data repository scanning in 106 ms. Found 3 JPA repository interfaces.
2023-10-05 14:31:52.633  INFO 15334 --- [           main] com.zaxxer.hikari.HikariDataSource       : HikariPool-1 - Starting...
2023-10-05 14:31:52.637  WARN 15334 --- [           main] com.zaxxer.hikari.util.DriverDataSource  : Registered driver with driverClassName=org.hsqldb.jdbcDriver was not found, trying direct instantiation.
2023-10-05 14:31:52.873  INFO 15334 --- [           main] com.zaxxer.hikari.pool.PoolBase          : HikariPool-1 - Driver does not support get/set network timeout for connections. (feature not supported)
2023-10-05 14:31:52.875  INFO 15334 --- [           main] com.zaxxer.hikari.HikariDataSource       : HikariPool-1 - Start completed.
2023-10-05 14:31:53.074  INFO 15334 --- [           main] o.hibernate.jpa.internal.util.LogHelper  : HHH000204: Processing PersistenceUnitInfo [name: default]
2023-10-05 14:31:53.240  INFO 15334 --- [           main] org.hibernate.Version                    : HHH000412: Hibernate ORM core version 5.6.14.Final
2023-10-05 14:31:53.642  INFO 15334 --- [           main] o.hibernate.annotations.common.Version   : HCANN000001: Hibernate Commons Annotations {5.1.2.Final}
2023-10-05 14:31:53.799  INFO 15334 --- [           main] org.hibernate.dialect.Dialect            : HHH000400: Using dialect: org.hibernate.dialect.HSQLDialect
2023-10-05 14:31:53.960 ERROR 15334 --- [           main] j.LocalContainerEntityManagerFactoryBean : Failed to initialize JPA EntityManagerFactory: Unknown mappedBy in: myboot.model.CV.owner, referenced property unknown: myboot.model.Person.cv
2023-10-05 14:31:53.962  WARN 15334 --- [           main] o.s.w.c.s.GenericWebApplicationContext   : Exception encountered during context initialization - cancelling refresh attempt: org.springframework.beans.factory.BeanCreationException: Error creating bean with name 'entityManagerFactory' defined in class path resource [org/springframework/boot/autoconfigure/orm/jpa/HibernateJpaConfiguration.class]: Invocation of init method failed; nested exception is org.hibernate.AnnotationException: Unknown mappedBy in: myboot.model.CV.owner, referenced property unknown: myboot.model.Person.cv
2023-10-05 14:31:53.962  INFO 15334 --- [           main] com.zaxxer.hikari.HikariDataSource       : HikariPool-1 - Shutdown initiated...
2023-10-05 14:31:53.965  INFO 15334 --- [           main] com.zaxxer.hikari.HikariDataSource       : HikariPool-1 - Shutdown completed.
2023-10-05 14:31:53.973  INFO 15334 --- [           main] ConditionEvaluationReportLoggingListener : 

Error starting ApplicationContext. To display the conditions report re-run your application with 'debug' enabled.
2023-10-05 14:31:53.988 ERROR 15334 --- [           main] o.s.boot.SpringApplication               : Application run failed

org.springframework.beans.factory.BeanCreationException: Error creating bean with name 'entityManagerFactory' defined in class path resource [org/springframework/boot/autoconfigure/orm/jpa/HibernateJpaConfiguration.class]: Invocation of init method failed; nested exception is org.hibernate.AnnotationException: Unknown mappedBy in: myboot.model.CV.owner, referenced property unknown: myboot.model.Person.cv
	at org.springframework.beans.factory.support.AbstractAutowireCapableBeanFactory.initializeBean(AbstractAutowireCapableBeanFactory.java:1804) ~[spring-beans-5.3.24.jar:5.3.24]
	at org.springframework.beans.factory.support.AbstractAutowireCapableBeanFactory.doCreateBean(AbstractAutowireCapableBeanFactory.java:620) ~[spring-beans-5.3.24.jar:5.3.24]
	at org.springframework.beans.factory.support.AbstractAutowireCapableBeanFactory.createBean(AbstractAutowireCapableBeanFactory.java:542) ~[spring-beans-5.3.24.jar:5.3.24]
	at org.springframework.beans.factory.support.AbstractBeanFactory.lambda$doGetBean$0(AbstractBeanFactory.java:335) ~[spring-beans-5.3.24.jar:5.3.24]
	at org.springframework.beans.factory.support.DefaultSingletonBeanRegistry.getSingleton(DefaultSingletonBeanRegistry.java:234) ~[spring-beans-5.3.24.jar:5.3.24]
	at org.springframework.beans.factory.support.AbstractBeanFactory.doGetBean(AbstractBeanFactory.java:333) ~[spring-beans-5.3.24.jar:5.3.24]
	at org.springframework.beans.factory.support.AbstractBeanFactory.getBean(AbstractBeanFactory.java:208) ~[spring-beans-5.3.24.jar:5.3.24]
	at org.springframework.context.support.AbstractApplicationContext.getBean(AbstractApplicationContext.java:1154) ~[spring-context-5.3.24.jar:5.3.24]
	at org.springframework.context.support.AbstractApplicationContext.finishBeanFactoryInitialization(AbstractApplicationContext.java:908) ~[spring-context-5.3.24.jar:5.3.24]
	at org.springframework.context.support.AbstractApplicationContext.refresh(AbstractApplicationContext.java:583) ~[spring-context-5.3.24.jar:5.3.24]
	at org.springframework.boot.SpringApplication.refresh(SpringApplication.java:745) ~[spring-boot-2.6.14.jar:2.6.14]
	at org.springframework.boot.SpringApplication.refreshContext(SpringApplication.java:423) ~[spring-boot-2.6.14.jar:2.6.14]
	at org.springframework.boot.SpringApplication.run(SpringApplication.java:307) ~[spring-boot-2.6.14.jar:2.6.14]
	at org.springframework.boot.test.context.SpringBootContextLoader.loadContext(SpringBootContextLoader.java:148) ~[spring-boot-test-2.6.14.jar:2.6.14]
	at org.springframework.test.context.cache.DefaultCacheAwareContextLoaderDelegate.loadContextInternal(DefaultCacheAwareContextLoaderDelegate.java:141) ~[spring-test-5.3.24.jar:5.3.24]
	at org.springframework.test.context.cache.DefaultCacheAwareContextLoaderDelegate.loadContext(DefaultCacheAwareContextLoaderDelegate.java:90) ~[spring-test-5.3.24.jar:5.3.24]
	at org.springframework.test.context.support.DefaultTestContext.getApplicationContext(DefaultTestContext.java:124) ~[spring-test-5.3.24.jar:5.3.24]
	at org.springframework.test.context.web.ServletTestExecutionListener.setUpRequestContextIfNecessary(ServletTestExecutionListener.java:190) ~[spring-test-5.3.24.jar:5.3.24]
	at org.springframework.test.context.web.ServletTestExecutionListener.prepareTestInstance(ServletTestExecutionListener.java:132) ~[spring-test-5.3.24.jar:5.3.24]
	at org.springframework.test.context.TestContextManager.prepareTestInstance(TestContextManager.java:248) ~[spring-test-5.3.24.jar:5.3.24]
	at org.springframework.test.context.junit.jupiter.SpringExtension.postProcessTestInstance(SpringExtension.java:138) ~[spring-test-5.3.24.jar:5.3.24]
	at org.junit.jupiter.engine.descriptor.ClassBasedTestDescriptor.lambda$invokeTestInstancePostProcessors$8(ClassBasedTestDescriptor.java:363) ~[junit-jupiter-engine-5.8.2.jar:5.8.2]
	at org.junit.jupiter.engine.descriptor.ClassBasedTestDescriptor.executeAndMaskThrowable(ClassBasedTestDescriptor.java:368) ~[junit-jupiter-engine-5.8.2.jar:5.8.2]
	at org.junit.jupiter.engine.descriptor.ClassBasedTestDescriptor.lambda$invokeTestInstancePostProcessors$9(ClassBasedTestDescriptor.java:363) ~[junit-jupiter-engine-5.8.2.jar:5.8.2]
	at java.base/java.util.stream.ReferencePipeline$3$1.accept(ReferencePipeline.java:197) ~[na:na]
	at java.base/java.util.stream.ReferencePipeline$2$1.accept(ReferencePipeline.java:179) ~[na:na]
	at java.base/java.util.ArrayList$ArrayListSpliterator.forEachRemaining(ArrayList.java:1625) ~[na:na]
	at java.base/java.util.stream.AbstractPipeline.copyInto(AbstractPipeline.java:509) ~[na:na]
	at java.base/java.util.stream.AbstractPipeline.wrapAndCopyInto(AbstractPipeline.java:499) ~[na:na]
	at java.base/java.util.stream.StreamSpliterators$WrappingSpliterator.forEachRemaining(StreamSpliterators.java:310) ~[na:na]
	at java.base/java.util.stream.Streams$ConcatSpliterator.forEachRemaining(Streams.java:735) ~[na:na]
	at java.base/java.util.stream.Streams$ConcatSpliterator.forEachRemaining(Streams.java:734) ~[na:na]
	at java.base/java.util.stream.ReferencePipeline$Head.forEach(ReferencePipeline.java:762) ~[na:na]
	at org.junit.jupiter.engine.descriptor.ClassBasedTestDescriptor.invokeTestInstancePostProcessors(ClassBasedTestDescriptor.java:362) ~[junit-jupiter-engine-5.8.2.jar:5.8.2]
	at org.junit.jupiter.engine.descriptor.ClassBasedTestDescriptor.lambda$instantiateAndPostProcessTestInstance$6(ClassBasedTestDescriptor.java:283) ~[junit-jupiter-engine-5.8.2.jar:5.8.2]
	at org.junit.platform.engine.support.hierarchical.ThrowableCollector.execute(ThrowableCollector.java:73) ~[junit-platform-engine-1.8.2.jar:1.8.2]
	at org.junit.jupiter.engine.descriptor.ClassBasedTestDescriptor.instantiateAndPostProcessTestInstance(ClassBasedTestDescriptor.java:282) ~[junit-jupiter-engine-5.8.2.jar:5.8.2]
	at org.junit.jupiter.engine.descriptor.ClassBasedTestDescriptor.lambda$testInstancesProvider$4(ClassBasedTestDescriptor.java:272) ~[junit-jupiter-engine-5.8.2.jar:5.8.2]
	at java.base/java.util.Optional.orElseGet(Optional.java:364) ~[na:na]
	at org.junit.jupiter.engine.descriptor.ClassBasedTestDescriptor.lambda$testInstancesProvider$5(ClassBasedTestDescriptor.java:271) ~[junit-jupiter-engine-5.8.2.jar:5.8.2]
	at org.junit.jupiter.engine.execution.TestInstancesProvider.getTestInstances(TestInstancesProvider.java:31) ~[junit-jupiter-engine-5.8.2.jar:5.8.2]
	at org.junit.jupiter.engine.descriptor.TestMethodTestDescriptor.lambda$prepare$0(TestMethodTestDescriptor.java:102) ~[junit-jupiter-engine-5.8.2.jar:5.8.2]
	at org.junit.platform.engine.support.hierarchical.ThrowableCollector.execute(ThrowableCollector.java:73) ~[junit-platform-engine-1.8.2.jar:1.8.2]
	at org.junit.jupiter.engine.descriptor.TestMethodTestDescriptor.prepare(TestMethodTestDescriptor.java:101) ~[junit-jupiter-engine-5.8.2.jar:5.8.2]
	at org.junit.jupiter.engine.descriptor.TestMethodTestDescriptor.prepare(TestMethodTestDescriptor.java:66) ~[junit-jupiter-engine-5.8.2.jar:5.8.2]
	at org.junit.platform.engine.support.hierarchical.NodeTestTask.lambda$prepare$2(NodeTestTask.java:123) ~[junit-platform-engine-1.8.2.jar:1.8.2]
	at org.junit.platform.engine.support.hierarchical.ThrowableCollector.execute(ThrowableCollector.java:73) ~[junit-platform-engine-1.8.2.jar:1.8.2]
	at org.junit.platform.engine.support.hierarchical.NodeTestTask.prepare(NodeTestTask.java:123) ~[junit-platform-engine-1.8.2.jar:1.8.2]
	at org.junit.platform.engine.support.hierarchical.NodeTestTask.execute(NodeTestTask.java:90) ~[junit-platform-engine-1.8.2.jar:1.8.2]
	at java.base/java.util.ArrayList.forEach(ArrayList.java:1511) ~[na:na]
	at org.junit.platform.engine.support.hierarchical.SameThreadHierarchicalTestExecutorService.invokeAll(SameThreadHierarchicalTestExecutorService.java:41) ~[junit-platform-engine-1.8.2.jar:1.8.2]
	at org.junit.platform.engine.support.hierarchical.NodeTestTask.lambda$executeRecursively$6(NodeTestTask.java:155) ~[junit-platform-engine-1.8.2.jar:1.8.2]
	at org.junit.platform.engine.support.hierarchical.ThrowableCollector.execute(ThrowableCollector.java:73) ~[junit-platform-engine-1.8.2.jar:1.8.2]
	at org.junit.platform.engine.support.hierarchical.NodeTestTask.lambda$executeRecursively$8(NodeTestTask.java:141) ~[junit-platform-engine-1.8.2.jar:1.8.2]
	at org.junit.platform.engine.support.hierarchical.Node.around(Node.java:137) ~[junit-platform-engine-1.8.2.jar:1.8.2]
	at org.junit.platform.engine.support.hierarchical.NodeTestTask.lambda$executeRecursively$9(NodeTestTask.java:139) ~[junit-platform-engine-1.8.2.jar:1.8.2]
	at org.junit.platform.engine.support.hierarchical.ThrowableCollector.execute(ThrowableCollector.java:73) ~[junit-platform-engine-1.8.2.jar:1.8.2]
	at org.junit.platform.engine.support.hierarchical.NodeTestTask.executeRecursively(NodeTestTask.java:138) ~[junit-platform-engine-1.8.2.jar:1.8.2]
	at org.junit.platform.engine.support.hierarchical.NodeTestTask.execute(NodeTestTask.java:95) ~[junit-platform-engine-1.8.2.jar:1.8.2]
	at java.base/java.util.ArrayList.forEach(ArrayList.java:1511) ~[na:na]
	at org.junit.platform.engine.support.hierarchical.SameThreadHierarchicalTestExecutorService.invokeAll(SameThreadHierarchicalTestExecutorService.java:41) ~[junit-platform-engine-1.8.2.jar:1.8.2]
	at org.junit.platform.engine.support.hierarchical.NodeTestTask.lambda$executeRecursively$6(NodeTestTask.java:155) ~[junit-platform-engine-1.8.2.jar:1.8.2]
	at org.junit.platform.engine.support.hierarchical.ThrowableCollector.execute(ThrowableCollector.java:73) ~[junit-platform-engine-1.8.2.jar:1.8.2]
	at org.junit.platform.engine.support.hierarchical.NodeTestTask.lambda$executeRecursively$8(NodeTestTask.java:141) ~[junit-platform-engine-1.8.2.jar:1.8.2]
	at org.junit.platform.engine.support.hierarchical.Node.around(Node.java:137) ~[junit-platform-engine-1.8.2.jar:1.8.2]
	at org.junit.platform.engine.support.hierarchical.NodeTestTask.lambda$executeRecursively$9(NodeTestTask.java:139) ~[junit-platform-engine-1.8.2.jar:1.8.2]
	at org.junit.platform.engine.support.hierarchical.ThrowableCollector.execute(ThrowableCollector.java:73) ~[junit-platform-engine-1.8.2.jar:1.8.2]
	at org.junit.platform.engine.support.hierarchical.NodeTestTask.executeRecursively(NodeTestTask.java:138) ~[junit-platform-engine-1.8.2.jar:1.8.2]
	at org.junit.platform.engine.support.hierarchical.NodeTestTask.execute(NodeTestTask.java:95) ~[junit-platform-engine-1.8.2.jar:1.8.2]
	at org.junit.platform.engine.support.hierarchical.SameThreadHierarchicalTestExecutorService.submit(SameThreadHierarchicalTestExecutorService.java:35) ~[junit-platform-engine-1.8.2.jar:1.8.2]
	at org.junit.platform.engine.support.hierarchical.HierarchicalTestExecutor.execute(HierarchicalTestExecutor.java:57) ~[junit-platform-engine-1.8.2.jar:1.8.2]
	at org.junit.platform.engine.support.hierarchical.HierarchicalTestEngine.execute(HierarchicalTestEngine.java:54) ~[junit-platform-engine-1.8.2.jar:1.8.2]
	at org.junit.platform.launcher.core.DefaultLauncher.execute(DefaultLauncher.java:220) ~[junit-platform-launcher-1.3.1.jar:1.3.1]
	at org.junit.platform.launcher.core.DefaultLauncher.lambda$execute$6(DefaultLauncher.java:188) ~[junit-platform-launcher-1.3.1.jar:1.3.1]
	at org.junit.platform.launcher.core.DefaultLauncher.withInterceptedStreams(DefaultLauncher.java:202) ~[junit-platform-launcher-1.3.1.jar:1.3.1]
	at org.junit.platform.launcher.core.DefaultLauncher.execute(DefaultLauncher.java:181) ~[junit-platform-launcher-1.3.1.jar:1.3.1]
	at org.junit.platform.launcher.core.DefaultLauncher.execute(DefaultLauncher.java:128) ~[junit-platform-launcher-1.3.1.jar:1.3.1]
	at org.apache.maven.surefire.junitplatform.JUnitPlatformProvider.invokeAllTests(JUnitPlatformProvider.java:150) ~[surefire-junit-platform-2.22.2.jar:2.22.2]
	at org.apache.maven.surefire.junitplatform.JUnitPlatformProvider.invoke(JUnitPlatformProvider.java:124) ~[surefire-junit-platform-2.22.2.jar:2.22.2]
	at org.apache.maven.surefire.booter.ForkedBooter.invokeProviderInSameClassLoader(ForkedBooter.java:384) ~[surefire-booter-2.22.2.jar:2.22.2]
	at org.apache.maven.surefire.booter.ForkedBooter.runSuitesInProcess(ForkedBooter.java:345) ~[surefire-booter-2.22.2.jar:2.22.2]
	at org.apache.maven.surefire.booter.ForkedBooter.execute(ForkedBooter.java:126) ~[surefire-booter-2.22.2.jar:2.22.2]
	at org.apache.maven.surefire.booter.ForkedBooter.main(ForkedBooter.java:418) ~[surefire-booter-2.22.2.jar:2.22.2]
Caused by: org.hibernate.AnnotationException: Unknown mappedBy in: myboot.model.CV.owner, referenced property unknown: myboot.model.Person.cv
	at org.hibernate.cfg.OneToOneSecondPass.doSecondPass(OneToOneSecondPass.java:171) ~[hibernate-core-5.6.14.Final.jar:5.6.14.Final]
	at org.hibernate.boot.internal.InFlightMetadataCollectorImpl.processSecondPasses(InFlightMetadataCollectorImpl.java:1653) ~[hibernate-core-5.6.14.Final.jar:5.6.14.Final]
	at org.hibernate.boot.internal.InFlightMetadataCollectorImpl.processSecondPasses(InFlightMetadataCollectorImpl.java:1629) ~[hibernate-core-5.6.14.Final.jar:5.6.14.Final]
	at org.hibernate.boot.model.process.spi.MetadataBuildingProcess.complete(MetadataBuildingProcess.java:295) ~[hibernate-core-5.6.14.Final.jar:5.6.14.Final]
	at org.hibernate.jpa.boot.internal.EntityManagerFactoryBuilderImpl.metadata(EntityManagerFactoryBuilderImpl.java:1460) ~[hibernate-core-5.6.14.Final.jar:5.6.14.Final]
	at org.hibernate.jpa.boot.internal.EntityManagerFactoryBuilderImpl.build(EntityManagerFactoryBuilderImpl.java:1494) ~[hibernate-core-5.6.14.Final.jar:5.6.14.Final]
	at org.springframework.orm.jpa.vendor.SpringHibernateJpaPersistenceProvider.createContainerEntityManagerFactory(SpringHibernateJpaPersistenceProvider.java:58) ~[spring-orm-5.3.24.jar:5.3.24]
	at org.springframework.orm.jpa.LocalContainerEntityManagerFactoryBean.createNativeEntityManagerFactory(LocalContainerEntityManagerFactoryBean.java:365) ~[spring-orm-5.3.24.jar:5.3.24]
	at org.springframework.orm.jpa.AbstractEntityManagerFactoryBean.buildNativeEntityManagerFactory(AbstractEntityManagerFactoryBean.java:409) ~[spring-orm-5.3.24.jar:5.3.24]
	at org.springframework.orm.jpa.AbstractEntityManagerFactoryBean.afterPropertiesSet(AbstractEntityManagerFactoryBean.java:396) ~[spring-orm-5.3.24.jar:5.3.24]
	at org.springframework.orm.jpa.LocalContainerEntityManagerFactoryBean.afterPropertiesSet(LocalContainerEntityManagerFactoryBean.java:341) ~[spring-orm-5.3.24.jar:5.3.24]
	at org.springframework.beans.factory.support.AbstractAutowireCapableBeanFactory.invokeInitMethods(AbstractAutowireCapableBeanFactory.java:1863) ~[spring-beans-5.3.24.jar:5.3.24]
	at org.springframework.beans.factory.support.AbstractAutowireCapableBeanFactory.initializeBean(AbstractAutowireCapableBeanFactory.java:1800) ~[spring-beans-5.3.24.jar:5.3.24]
	... 82 common frames omitted

2023-10-05 14:31:53.991 ERROR 15334 --- [           main] o.s.test.context.TestContextManager      : Caught exception while allowing TestExecutionListener [org.springframework.test.context.web.ServletTestExecutionListener@babafc2] to prepare test instance [myboot.dao.TestCVRepository@3dfe92ef]

java.lang.IllegalStateException: Failed to load ApplicationContext
	at org.springframework.test.context.cache.DefaultCacheAwareContextLoaderDelegate.loadContext(DefaultCacheAwareContextLoaderDelegate.java:98) ~[spring-test-5.3.24.jar:5.3.24]
	at org.springframework.test.context.support.DefaultTestContext.getApplicationContext(DefaultTestContext.java:124) ~[spring-test-5.3.24.jar:5.3.24]
	at org.springframework.test.context.web.ServletTestExecutionListener.setUpRequestContextIfNecessary(ServletTestExecutionListener.java:190) ~[spring-test-5.3.24.jar:5.3.24]
	at org.springframework.test.context.web.ServletTestExecutionListener.prepareTestInstance(ServletTestExecutionListener.java:132) ~[spring-test-5.3.24.jar:5.3.24]
	at org.springframework.test.context.TestContextManager.prepareTestInstance(TestContextManager.java:248) ~[spring-test-5.3.24.jar:5.3.24]
	at org.springframework.test.context.junit.jupiter.SpringExtension.postProcessTestInstance(SpringExtension.java:138) ~[spring-test-5.3.24.jar:5.3.24]
	at org.junit.jupiter.engine.descriptor.ClassBasedTestDescriptor.lambda$invokeTestInstancePostProcessors$8(ClassBasedTestDescriptor.java:363) ~[junit-jupiter-engine-5.8.2.jar:5.8.2]
	at org.junit.jupiter.engine.descriptor.ClassBasedTestDescriptor.executeAndMaskThrowable(ClassBasedTestDescriptor.java:368) ~[junit-jupiter-engine-5.8.2.jar:5.8.2]
	at org.junit.jupiter.engine.descriptor.ClassBasedTestDescriptor.lambda$invokeTestInstancePostProcessors$9(ClassBasedTestDescriptor.java:363) ~[junit-jupiter-engine-5.8.2.jar:5.8.2]
	at java.base/java.util.stream.ReferencePipeline$3$1.accept(ReferencePipeline.java:197) ~[na:na]
	at java.base/java.util.stream.ReferencePipeline$2$1.accept(ReferencePipeline.java:179) ~[na:na]
	at java.base/java.util.ArrayList$ArrayListSpliterator.forEachRemaining(ArrayList.java:1625) ~[na:na]
	at java.base/java.util.stream.AbstractPipeline.copyInto(AbstractPipeline.java:509) ~[na:na]
	at java.base/java.util.stream.AbstractPipeline.wrapAndCopyInto(AbstractPipeline.java:499) ~[na:na]
	at java.base/java.util.stream.StreamSpliterators$WrappingSpliterator.forEachRemaining(StreamSpliterators.java:310) ~[na:na]
	at java.base/java.util.stream.Streams$ConcatSpliterator.forEachRemaining(Streams.java:735) ~[na:na]
	at java.base/java.util.stream.Streams$ConcatSpliterator.forEachRemaining(Streams.java:734) ~[na:na]
	at java.base/java.util.stream.ReferencePipeline$Head.forEach(ReferencePipeline.java:762) ~[na:na]
	at org.junit.jupiter.engine.descriptor.ClassBasedTestDescriptor.invokeTestInstancePostProcessors(ClassBasedTestDescriptor.java:362) ~[junit-jupiter-engine-5.8.2.jar:5.8.2]
	at org.junit.jupiter.engine.descriptor.ClassBasedTestDescriptor.lambda$instantiateAndPostProcessTestInstance$6(ClassBasedTestDescriptor.java:283) ~[junit-jupiter-engine-5.8.2.jar:5.8.2]
	at org.junit.platform.engine.support.hierarchical.ThrowableCollector.execute(ThrowableCollector.java:73) ~[junit-platform-engine-1.8.2.jar:1.8.2]
	at org.junit.jupiter.engine.descriptor.ClassBasedTestDescriptor.instantiateAndPostProcessTestInstance(ClassBasedTestDescriptor.java:282) ~[junit-jupiter-engine-5.8.2.jar:5.8.2]
	at org.junit.jupiter.engine.descriptor.ClassBasedTestDescriptor.lambda$testInstancesProvider$4(ClassBasedTestDescriptor.java:272) ~[junit-jupiter-engine-5.8.2.jar:5.8.2]
	at java.base/java.util.Optional.orElseGet(Optional.java:364) ~[na:na]
	at org.junit.jupiter.engine.descriptor.ClassBasedTestDescriptor.lambda$testInstancesProvider$5(ClassBasedTestDescriptor.java:271) ~[junit-jupiter-engine-5.8.2.jar:5.8.2]
	at org.junit.jupiter.engine.execution.TestInstancesProvider.getTestInstances(TestInstancesProvider.java:31) ~[junit-jupiter-engine-5.8.2.jar:5.8.2]
	at org.junit.jupiter.engine.descriptor.TestMethodTestDescriptor.lambda$prepare$0(TestMethodTestDescriptor.java:102) ~[junit-jupiter-engine-5.8.2.jar:5.8.2]
	at org.junit.platform.engine.support.hierarchical.ThrowableCollector.execute(ThrowableCollector.java:73) ~[junit-platform-engine-1.8.2.jar:1.8.2]
	at org.junit.jupiter.engine.descriptor.TestMethodTestDescriptor.prepare(TestMethodTestDescriptor.java:101) ~[junit-jupiter-engine-5.8.2.jar:5.8.2]
	at org.junit.jupiter.engine.descriptor.TestMethodTestDescriptor.prepare(TestMethodTestDescriptor.java:66) ~[junit-jupiter-engine-5.8.2.jar:5.8.2]
	at org.junit.platform.engine.support.hierarchical.NodeTestTask.lambda$prepare$2(NodeTestTask.java:123) ~[junit-platform-engine-1.8.2.jar:1.8.2]
	at org.junit.platform.engine.support.hierarchical.ThrowableCollector.execute(ThrowableCollector.java:73) ~[junit-platform-engine-1.8.2.jar:1.8.2]
	at org.junit.platform.engine.support.hierarchical.NodeTestTask.prepare(NodeTestTask.java:123) ~[junit-platform-engine-1.8.2.jar:1.8.2]
	at org.junit.platform.engine.support.hierarchical.NodeTestTask.execute(NodeTestTask.java:90) ~[junit-platform-engine-1.8.2.jar:1.8.2]
	at java.base/java.util.ArrayList.forEach(ArrayList.java:1511) ~[na:na]
	at org.junit.platform.engine.support.hierarchical.SameThreadHierarchicalTestExecutorService.invokeAll(SameThreadHierarchicalTestExecutorService.java:41) ~[junit-platform-engine-1.8.2.jar:1.8.2]
	at org.junit.platform.engine.support.hierarchical.NodeTestTask.lambda$executeRecursively$6(NodeTestTask.java:155) ~[junit-platform-engine-1.8.2.jar:1.8.2]
	at org.junit.platform.engine.support.hierarchical.ThrowableCollector.execute(ThrowableCollector.java:73) ~[junit-platform-engine-1.8.2.jar:1.8.2]
	at org.junit.platform.engine.support.hierarchical.NodeTestTask.lambda$executeRecursively$8(NodeTestTask.java:141) ~[junit-platform-engine-1.8.2.jar:1.8.2]
	at org.junit.platform.engine.support.hierarchical.Node.around(Node.java:137) ~[junit-platform-engine-1.8.2.jar:1.8.2]
	at org.junit.platform.engine.support.hierarchical.NodeTestTask.lambda$executeRecursively$9(NodeTestTask.java:139) ~[junit-platform-engine-1.8.2.jar:1.8.2]
	at org.junit.platform.engine.support.hierarchical.ThrowableCollector.execute(ThrowableCollector.java:73) ~[junit-platform-engine-1.8.2.jar:1.8.2]
	at org.junit.platform.engine.support.hierarchical.NodeTestTask.executeRecursively(NodeTestTask.java:138) ~[junit-platform-engine-1.8.2.jar:1.8.2]
	at org.junit.platform.engine.support.hierarchical.NodeTestTask.execute(NodeTestTask.java:95) ~[junit-platform-engine-1.8.2.jar:1.8.2]
	at java.base/java.util.ArrayList.forEach(ArrayList.java:1511) ~[na:na]
	at org.junit.platform.engine.support.hierarchical.SameThreadHierarchicalTestExecutorService.invokeAll(SameThreadHierarchicalTestExecutorService.java:41) ~[junit-platform-engine-1.8.2.jar:1.8.2]
	at org.junit.platform.engine.support.hierarchical.NodeTestTask.lambda$executeRecursively$6(NodeTestTask.java:155) ~[junit-platform-engine-1.8.2.jar:1.8.2]
	at org.junit.platform.engine.support.hierarchical.ThrowableCollector.execute(ThrowableCollector.java:73) ~[junit-platform-engine-1.8.2.jar:1.8.2]
	at org.junit.platform.engine.support.hierarchical.NodeTestTask.lambda$executeRecursively$8(NodeTestTask.java:141) ~[junit-platform-engine-1.8.2.jar:1.8.2]
	at org.junit.platform.engine.support.hierarchical.Node.around(Node.java:137) ~[junit-platform-engine-1.8.2.jar:1.8.2]
	at org.junit.platform.engine.support.hierarchical.NodeTestTask.lambda$executeRecursively$9(NodeTestTask.java:139) ~[junit-platform-engine-1.8.2.jar:1.8.2]
	at org.junit.platform.engine.support.hierarchical.ThrowableCollector.execute(ThrowableCollector.java:73) ~[junit-platform-engine-1.8.2.jar:1.8.2]
	at org.junit.platform.engine.support.hierarchical.NodeTestTask.executeRecursively(NodeTestTask.java:138) ~[junit-platform-engine-1.8.2.jar:1.8.2]
	at org.junit.platform.engine.support.hierarchical.NodeTestTask.execute(NodeTestTask.java:95) ~[junit-platform-engine-1.8.2.jar:1.8.2]
	at org.junit.platform.engine.support.hierarchical.SameThreadHierarchicalTestExecutorService.submit(SameThreadHierarchicalTestExecutorService.java:35) ~[junit-platform-engine-1.8.2.jar:1.8.2]
	at org.junit.platform.engine.support.hierarchical.HierarchicalTestExecutor.execute(HierarchicalTestExecutor.java:57) ~[junit-platform-engine-1.8.2.jar:1.8.2]
	at org.junit.platform.engine.support.hierarchical.HierarchicalTestEngine.execute(HierarchicalTestEngine.java:54) ~[junit-platform-engine-1.8.2.jar:1.8.2]
	at org.junit.platform.launcher.core.DefaultLauncher.execute(DefaultLauncher.java:220) ~[junit-platform-launcher-1.3.1.jar:1.3.1]
	at org.junit.platform.launcher.core.DefaultLauncher.lambda$execute$6(DefaultLauncher.java:188) ~[junit-platform-launcher-1.3.1.jar:1.3.1]
	at org.junit.platform.launcher.core.DefaultLauncher.withInterceptedStreams(DefaultLauncher.java:202) ~[junit-platform-launcher-1.3.1.jar:1.3.1]
	at org.junit.platform.launcher.core.DefaultLauncher.execute(DefaultLauncher.java:181) ~[junit-platform-launcher-1.3.1.jar:1.3.1]
	at org.junit.platform.launcher.core.DefaultLauncher.execute(DefaultLauncher.java:128) ~[junit-platform-launcher-1.3.1.jar:1.3.1]
	at org.apache.maven.surefire.junitplatform.JUnitPlatformProvider.invokeAllTests(JUnitPlatformProvider.java:150) ~[surefire-junit-platform-2.22.2.jar:2.22.2]
	at org.apache.maven.surefire.junitplatform.JUnitPlatformProvider.invoke(JUnitPlatformProvider.java:124) ~[surefire-junit-platform-2.22.2.jar:2.22.2]
	at org.apache.maven.surefire.booter.ForkedBooter.invokeProviderInSameClassLoader(ForkedBooter.java:384) ~[surefire-booter-2.22.2.jar:2.22.2]
	at org.apache.maven.surefire.booter.ForkedBooter.runSuitesInProcess(ForkedBooter.java:345) ~[surefire-booter-2.22.2.jar:2.22.2]
	at org.apache.maven.surefire.booter.ForkedBooter.execute(ForkedBooter.java:126) ~[surefire-booter-2.22.2.jar:2.22.2]
	at org.apache.maven.surefire.booter.ForkedBooter.main(ForkedBooter.java:418) ~[surefire-booter-2.22.2.jar:2.22.2]
Caused by: org.springframework.beans.factory.BeanCreationException: Error creating bean with name 'entityManagerFactory' defined in class path resource [org/springframework/boot/autoconfigure/orm/jpa/HibernateJpaConfiguration.class]: Invocation of init method failed; nested exception is org.hibernate.AnnotationException: Unknown mappedBy in: myboot.model.CV.owner, referenced property unknown: myboot.model.Person.cv
	at org.springframework.beans.factory.support.AbstractAutowireCapableBeanFactory.initializeBean(AbstractAutowireCapableBeanFactory.java:1804) ~[spring-beans-5.3.24.jar:5.3.24]
	at org.springframework.beans.factory.support.AbstractAutowireCapableBeanFactory.doCreateBean(AbstractAutowireCapableBeanFactory.java:620) ~[spring-beans-5.3.24.jar:5.3.24]
	at org.springframework.beans.factory.support.AbstractAutowireCapableBeanFactory.createBean(AbstractAutowireCapableBeanFactory.java:542) ~[spring-beans-5.3.24.jar:5.3.24]
	at org.springframework.beans.factory.support.AbstractBeanFactory.lambda$doGetBean$0(AbstractBeanFactory.java:335) ~[spring-beans-5.3.24.jar:5.3.24]
	at org.springframework.beans.factory.support.DefaultSingletonBeanRegistry.getSingleton(DefaultSingletonBeanRegistry.java:234) ~[spring-beans-5.3.24.jar:5.3.24]
	at org.springframework.beans.factory.support.AbstractBeanFactory.doGetBean(AbstractBeanFactory.java:333) ~[spring-beans-5.3.24.jar:5.3.24]
	at org.springframework.beans.factory.support.AbstractBeanFactory.getBean(AbstractBeanFactory.java:208) ~[spring-beans-5.3.24.jar:5.3.24]
	at org.springframework.context.support.AbstractApplicationContext.getBean(AbstractApplicationContext.java:1154) ~[spring-context-5.3.24.jar:5.3.24]
	at org.springframework.context.support.AbstractApplicationContext.finishBeanFactoryInitialization(AbstractApplicationContext.java:908) ~[spring-context-5.3.24.jar:5.3.24]
	at org.springframework.context.support.AbstractApplicationContext.refresh(AbstractApplicationContext.java:583) ~[spring-context-5.3.24.jar:5.3.24]
	at org.springframework.boot.SpringApplication.refresh(SpringApplication.java:745) ~[spring-boot-2.6.14.jar:2.6.14]
	at org.springframework.boot.SpringApplication.refreshContext(SpringApplication.java:423) ~[spring-boot-2.6.14.jar:2.6.14]
	at org.springframework.boot.SpringApplication.run(SpringApplication.java:307) ~[spring-boot-2.6.14.jar:2.6.14]
	at org.springframework.boot.test.context.SpringBootContextLoader.loadContext(SpringBootContextLoader.java:148) ~[spring-boot-test-2.6.14.jar:2.6.14]
	at org.springframework.test.context.cache.DefaultCacheAwareContextLoaderDelegate.loadContextInternal(DefaultCacheAwareContextLoaderDelegate.java:141) ~[spring-test-5.3.24.jar:5.3.24]
	at org.springframework.test.context.cache.DefaultCacheAwareContextLoaderDelegate.loadContext(DefaultCacheAwareContextLoaderDelegate.java:90) ~[spring-test-5.3.24.jar:5.3.24]
	... 67 common frames omitted
Caused by: org.hibernate.AnnotationException: Unknown mappedBy in: myboot.model.CV.owner, referenced property unknown: myboot.model.Person.cv
	at org.hibernate.cfg.OneToOneSecondPass.doSecondPass(OneToOneSecondPass.java:171) ~[hibernate-core-5.6.14.Final.jar:5.6.14.Final]
	at org.hibernate.boot.internal.InFlightMetadataCollectorImpl.processSecondPasses(InFlightMetadataCollectorImpl.java:1653) ~[hibernate-core-5.6.14.Final.jar:5.6.14.Final]
	at org.hibernate.boot.internal.InFlightMetadataCollectorImpl.processSecondPasses(InFlightMetadataCollectorImpl.java:1629) ~[hibernate-core-5.6.14.Final.jar:5.6.14.Final]
	at org.hibernate.boot.model.process.spi.MetadataBuildingProcess.complete(MetadataBuildingProcess.java:295) ~[hibernate-core-5.6.14.Final.jar:5.6.14.Final]
	at org.hibernate.jpa.boot.internal.EntityManagerFactoryBuilderImpl.metadata(EntityManagerFactoryBuilderImpl.java:1460) ~[hibernate-core-5.6.14.Final.jar:5.6.14.Final]
	at org.hibernate.jpa.boot.internal.EntityManagerFactoryBuilderImpl.build(EntityManagerFactoryBuilderImpl.java:1494) ~[hibernate-core-5.6.14.Final.jar:5.6.14.Final]
	at org.springframework.orm.jpa.vendor.SpringHibernateJpaPersistenceProvider.createContainerEntityManagerFactory(SpringHibernateJpaPersistenceProvider.java:58) ~[spring-orm-5.3.24.jar:5.3.24]
	at org.springframework.orm.jpa.LocalContainerEntityManagerFactoryBean.createNativeEntityManagerFactory(LocalContainerEntityManagerFactoryBean.java:365) ~[spring-orm-5.3.24.jar:5.3.24]
	at org.springframework.orm.jpa.AbstractEntityManagerFactoryBean.buildNativeEntityManagerFactory(AbstractEntityManagerFactoryBean.java:409) ~[spring-orm-5.3.24.jar:5.3.24]
	at org.springframework.orm.jpa.AbstractEntityManagerFactoryBean.afterPropertiesSet(AbstractEntityManagerFactoryBean.java:396) ~[spring-orm-5.3.24.jar:5.3.24]
	at org.springframework.orm.jpa.LocalContainerEntityManagerFactoryBean.afterPropertiesSet(LocalContainerEntityManagerFactoryBean.java:341) ~[spring-orm-5.3.24.jar:5.3.24]
	at org.springframework.beans.factory.support.AbstractAutowireCapableBeanFactory.invokeInitMethods(AbstractAutowireCapableBeanFactory.java:1863) ~[spring-beans-5.3.24.jar:5.3.24]
	at org.springframework.beans.factory.support.AbstractAutowireCapableBeanFactory.initializeBean(AbstractAutowireCapableBeanFactory.java:1800) ~[spring-beans-5.3.24.jar:5.3.24]
	... 82 common frames omitted

]]></system-out>
  </testcase>
</testsuite>